<?xml version="1.0" encoding="UTF-8"?>
<testng-results skipped="0" failed="0" ignored="0" total="1" passed="1">
  <reporter-output>
  </reporter-output>
  <suite name="Default suite" duration-ms="27202" started-at="2017-04-19T23:02:16Z" finished-at="2017-04-19T23:02:43Z">
    <groups>
    </groups>
    <test name="Default test" duration-ms="27202" started-at="2017-04-19T23:02:16Z" finished-at="2017-04-19T23:02:43Z">
      <class name="Selenium.MavenTest">
        <test-method status="PASS" signature="maven()[pri:0, instance:Selenium.MavenTest@3ffc5af1]" name="maven" duration-ms="27149" started-at="2017-04-19T19:02:16Z" finished-at="2017-04-19T19:02:43Z">
          <reporter-output>
          </reporter-output>
        </test-method> <!-- maven -->
      </class> <!-- Selenium.MavenTest -->
    </test> <!-- Default test -->
  </suite> <!-- Default suite -->
</testng-results>
